Start testing: Sep 12 14:54 PDT
----------------------------------------------------------
1/4 Testing: dynamicTest
1/4 Test: dynamicTest
Command: "/home/taharabun/Projects/traj-opt/trajectory-optimization/buildTest/test/dynamicTest"
Directory: /home/taharabun/Projects/traj-opt/trajectory-optimization/buildTest/test
"dynamicTest" start time: Sep 12 14:54 PDT
Output:
----------------------------------------------------------
[==========] Running 5 tests from 2 test cases.
[----------] Global test environment set-up.
[----------] 2 tests from blockDynamic
[ RUN      ] blockDynamic.controlZero
[       OK ] blockDynamic.controlZero (0 ms)
[ RUN      ] blockDynamic.controlOneTwo
[       OK ] blockDynamic.controlOneTwo (0 ms)
[----------] 2 tests from blockDynamic (0 ms total)

[----------] 3 tests from forward
[ RUN      ] forward.zeroVelocityAndControl
[       OK ] forward.zeroVelocityAndControl (0 ms)
[ RUN      ] forward.noneZeroVelocityZeroControl
[       OK ] forward.noneZeroVelocityZeroControl (0 ms)
[ RUN      ] forward.noneZeroVelocityAndNoneZeroControl
[       OK ] forward.noneZeroVelocityAndNoneZeroControl (0 ms)
[----------] 3 tests from forward (0 ms total)

[----------] Global test environment tear-down
[==========] 5 tests from 2 test cases ran. (0 ms total)
[  PASSED  ] 5 tests.
<end of output>
Test time =   0.00 sec
----------------------------------------------------------
Test Passed.
"dynamicTest" end time: Sep 12 14:54 PDT
"dynamicTest" time elapsed: 00:00:00
----------------------------------------------------------

2/4 Testing: utilitiesTest
2/4 Test: utilitiesTest
Command: "/home/taharabun/Projects/traj-opt/trajectory-optimization/buildTest/test/utilitiesTest"
Directory: /home/taharabun/Projects/traj-opt/trajectory-optimization/buildTest/test
"utilitiesTest" start time: Sep 12 14:54 PDT
Output:
----------------------------------------------------------
[==========] Running 4 tests from 1 test case.
[----------] Global test environment set-up.
[----------] 4 tests from utilitiesTest
[ RUN      ] utilitiesTest.getPointOne
[       OK ] utilitiesTest.getPointOne (0 ms)
[ RUN      ] utilitiesTest.getPointZero
[       OK ] utilitiesTest.getPointZero (0 ms)
[ RUN      ] utilitiesTest.getPointOnePositionVelocityControl
[       OK ] utilitiesTest.getPointOnePositionVelocityControl (0 ms)
[ RUN      ] utilitiesTest.getPointZeroPositionVelocityControl
[       OK ] utilitiesTest.getPointZeroPositionVelocityControl (0 ms)
[----------] 4 tests from utilitiesTest (0 ms total)

[----------] Global test environment tear-down
[==========] 4 tests from 1 test case ran. (0 ms total)
[  PASSED  ] 4 tests.
<end of output>
Test time =   0.00 sec
----------------------------------------------------------
Test Passed.
"utilitiesTest" end time: Sep 12 14:54 PDT
"utilitiesTest" time elapsed: 00:00:00
----------------------------------------------------------

3/4 Testing: optimizerTest
3/4 Test: optimizerTest
Command: "/home/taharabun/Projects/traj-opt/trajectory-optimization/buildTest/test/optimizerTest"
Directory: /home/taharabun/Projects/traj-opt/trajectory-optimization/buildTest/test
"optimizerTest" start time: Sep 12 14:54 PDT
Output:
----------------------------------------------------------
Running main() from /home/taharabun/Projects/traj-opt/trajectory-optimization/buildTest/googletest-src/googletest/src/gtest_main.cc
[==========] Running 2 tests from 1 test case.
[----------] Global test environment set-up.
[----------] 2 tests from optimizerTest
[ RUN      ] optimizerTest.TestSampleCode

******************************************************************************
This program contains Ipopt, a library for large-scale nonlinear optimization.
 Ipopt is released as open source code under the Eclipse Public License (EPL).
         For more information visit http://projects.coin-or.org/Ipopt
******************************************************************************

This is Ipopt version 3.12.10, running with linear solver mumps.
NOTE: Other linear solvers might be more efficient (see Ipopt documentation).

Number of nonzeros in equality constraint Jacobian...:        4
Number of nonzeros in inequality constraint Jacobian.:        4
Number of nonzeros in Lagrangian Hessian.............:       10

Total number of variables............................:        4
                     variables with only lower bounds:        0
                variables with lower and upper bounds:        4
                     variables with only upper bounds:        0
Total number of equality constraints.................:        1
Total number of inequality constraints...............:        1
        inequality constraints with only lower bounds:        1
   inequality constraints with lower and upper bounds:        0
        inequality constraints with only upper bounds:        0

iter    objective    inf_pr   inf_du lg(mu)  ||d||  lg(rg) alpha_du alpha_pr  ls
   0  1.6109693e+01 1.12e+01 5.28e-01   0.0 0.00e+00    -  0.00e+00 0.00e+00   0
   1  1.7410406e+01 7.49e-01 2.25e+01  -0.3 7.97e-01    -  3.19e-01 1.00e+00f  1
   2  1.8001613e+01 7.52e-03 4.96e+00  -0.3 5.60e-02   2.0 9.97e-01 1.00e+00h  1
   3  1.7199482e+01 4.00e-02 4.24e-01  -1.0 9.91e-01    -  9.98e-01 1.00e+00f  1
   4  1.6940955e+01 1.59e-01 4.58e-02  -1.4 2.88e-01    -  9.66e-01 1.00e+00h  1
   5  1.7003411e+01 2.16e-02 8.42e-03  -2.9 7.03e-02    -  9.68e-01 1.00e+00h  1
   6  1.7013974e+01 2.03e-04 8.65e-05  -4.5 6.22e-03    -  1.00e+00 1.00e+00h  1
   7  1.7014017e+01 2.76e-07 2.18e-07 -10.3 1.43e-04    -  9.99e-01 1.00e+00h  1
   8  1.7014017e+01 3.55e-14 2.23e-14 -11.0 1.04e-07    -  1.00e+00 1.00e+00h  1

Number of Iterations....: 8

                                   (scaled)                 (unscaled)
Objective...............:   1.7014017140224134e+01    1.7014017140224134e+01
Dual infeasibility......:   2.2261967499857942e-14    2.2261967499857942e-14
Constraint violation....:   3.5527136788005009e-14    3.5527136788005009e-14
Complementarity.........:   1.0023967333275307e-11    1.0023967333275307e-11
Overall NLP error.......:   1.0023967333275307e-11    1.0023967333275307e-11


Number of objective function evaluations             = 9
Number of objective gradient evaluations             = 9
Number of equality constraint evaluations            = 9
Number of inequality constraint evaluations          = 9
Number of equality constraint Jacobian evaluations   = 9
Number of inequality constraint Jacobian evaluations = 9
Number of Lagrangian Hessian evaluations             = 8
Total CPU secs in IPOPT (w/o function evaluations)   =      0.007
Total CPU secs in NLP function evaluations           =      0.000

EXIT: Optimal Solution Found.


Solution of the primal variables, x
x[0] = 1.000000e+00
x[1] = 4.743000e+00
x[2] = 3.821150e+00
x[3] = 1.379408e+00


Solution of the bound multipliers, z_L and z_U
z_L[0] = 1.087871e+00
z_L[1] = 2.671608e-12
z_L[2] = 3.544911e-12
z_L[3] = 2.635449e-11
z_U[0] = 2.499943e-12
z_U[1] = 3.896984e-11
z_U[2] = 8.482036e-12
z_U[3] = 2.762163e-12


Objective value
f(x*) = 1.701402e+01


*** The problem solved in 8 iterations!


*** The final value of the objective function is 17.014.
[       OK ] optimizerTest.TestSampleCode (10 ms)
[ RUN      ] optimizerTest.SolutionForZeroes
This is Ipopt version 3.12.10, running with linear solver mumps.
NOTE: Other linear solvers might be more efficient (see Ipopt documentation).

Number of nonzeros in equality constraint Jacobian...:        0
Number of nonzeros in inequality constraint Jacobian.:        0
Number of nonzeros in Lagrangian Hessian.............:        0

Total number of variables............................:        2
                     variables with only lower bounds:        0
                variables with lower and upper bounds:        2
                     variables with only upper bounds:        0
Total number of equality constraints.................:        0
Total number of inequality constraints...............:        0
        inequality constraints with only lower bounds:        0
   inequality constraints with lower and upper bounds:        0
        inequality constraints with only upper bounds:        0

iter    objective    inf_pr   inf_du lg(mu)  ||d||  lg(rg) alpha_du alpha_pr  ls
   0  0.0000000e+00 0.00e+00 0.00e+00   0.0 0.00e+00    -  0.00e+00 0.00e+00   0
   1  0.0000000e+00 0.00e+00 1.98e-02  -1.7 1.98e-02    -  9.98e-01 1.00e+00f  1
   2  0.0000000e+00 0.00e+00 3.37e-01  -1.7 3.37e-01    -  1.00e+00 1.00e+00f  1
   3  0.0000000e+00 0.00e+00 2.63e-02  -1.7 2.63e-02    -  1.00e+00 1.00e+00f  1
   4  0.0000000e+00 0.00e+00 6.21e-03  -2.5 6.21e-03    -  1.00e+00 1.00e+00f  1
   5  0.0000000e+00 0.00e+00 3.47e-04  -3.8 3.47e-04    -  1.00e+00 1.00e+00f  1
   6  0.0000000e+00 0.00e+00 4.38e-06  -5.7 4.38e-06    -  1.00e+00 1.00e+00f  1
   7  0.0000000e+00 0.00e+00 6.08e-09  -8.6 6.08e-09    -  1.00e+00 1.00e+00f  1
   8  0.0000000e+00 0.00e+00 2.08e-10 -10.0 2.08e-10    -  1.00e+00 1.00e+00f  1

Number of Iterations....: 8

                                   (scaled)                 (unscaled)
Objective...............:   0.0000000000000000e+00    0.0000000000000000e+00
Dual infeasibility......:   2.0776483414891195e-10    2.0776483414891195e-10
Constraint violation....:   0.0000000000000000e+00    0.0000000000000000e+00
Complementarity.........:   9.0909091025095792e-11    9.0909091025095792e-11
Overall NLP error.......:   2.0776483414891195e-10    2.0776483414891195e-10


Number of objective function evaluations             = 9
Number of objective gradient evaluations             = 9
Number of equality constraint evaluations            = 0
Number of inequality constraint evaluations          = 0
Number of equality constraint Jacobian evaluations   = 0
Number of inequality constraint Jacobian evaluations = 0
Number of Lagrangian Hessian evaluations             = 0
Total CPU secs in IPOPT (w/o function evaluations)   =      0.002
Total CPU secs in NLP function evaluations           =      0.000

EXIT: Optimal Solution Found.


Solution of the primal variables, x
x[0] = 3.995551e-01
x[1] = 3.995551e-01


Solution of the bound multipliers, z_L and z_U
z_L[0] = 2.275258e-10
z_L[1] = 2.275258e-10
z_U[0] = 1.976093e-11
z_U[1] = 1.976093e-11


Objective value
f(x*) = 0.000000e+00


*** The problem solved in 8 iterations!


*** The final value of the objective function is 0.
[       OK ] optimizerTest.SolutionForZeroes (4 ms)
[----------] 2 tests from optimizerTest (15 ms total)

[----------] Global test environment tear-down
[==========] 2 tests from 1 test case ran. (15 ms total)
[  PASSED  ] 2 tests.
<end of output>
Test time =   0.02 sec
----------------------------------------------------------
Test Passed.
"optimizerTest" end time: Sep 12 14:54 PDT
"optimizerTest" time elapsed: 00:00:00
----------------------------------------------------------

4/4 Testing: derivativeTest
4/4 Test: derivativeTest
Command: "/home/taharabun/Projects/traj-opt/trajectory-optimization/buildTest/test/derivativeTest"
Directory: /home/taharabun/Projects/traj-opt/trajectory-optimization/buildTest/test
"derivativeTest" start time: Sep 12 14:54 PDT
Output:
----------------------------------------------------------
[==========] Running 7 tests from 1 test case.
[----------] Global test environment set-up.
[----------] 7 tests from derivativeTest
[ RUN      ] derivativeTest.partialOfVectorToDoubleFunction
[       OK ] derivativeTest.partialOfVectorToDoubleFunction (1 ms)
[ RUN      ] derivativeTest.gradientOfVectorToDoubleFunction
[       OK ] derivativeTest.gradientOfVectorToDoubleFunction (0 ms)
[ RUN      ] derivativeTest.partialOfVectorToVectorFunction
[       OK ] derivativeTest.partialOfVectorToVectorFunction (1 ms)
[ RUN      ] derivativeTest.jacobianColumnsOfVectorToVectorFunction
[       OK ] derivativeTest.jacobianColumnsOfVectorToVectorFunction (0 ms)
[ RUN      ] derivativeTest.sparsityPatternOfVectorToVectorFunction
[       OK ] derivativeTest.sparsityPatternOfVectorToVectorFunction (0 ms)
[ RUN      ] derivativeTest.jacobianOfVectorToVectorFunctionUsingSparsityPattern
[       OK ] derivativeTest.jacobianOfVectorToVectorFunctionUsingSparsityPattern (0 ms)
[ RUN      ] derivativeTest.jacobianAndSparsityPatternOfVectorToVectorFunction
[       OK ] derivativeTest.jacobianAndSparsityPatternOfVectorToVectorFunction (1 ms)
[----------] 7 tests from derivativeTest (3 ms total)

[----------] Global test environment tear-down
[==========] 7 tests from 1 test case ran. (3 ms total)
[  PASSED  ] 7 tests.
<end of output>
Test time =   0.01 sec
----------------------------------------------------------
Test Passed.
"derivativeTest" end time: Sep 12 14:54 PDT
"derivativeTest" time elapsed: 00:00:00
----------------------------------------------------------

End testing: Sep 12 14:54 PDT
